<?xml version="1.0" encoding="UTF-8"?>
<testsuite name="ru.stqa.ptf.addressbook.tests.CreationContactTest" tests="1" skipped="0" failures="0" errors="0" timestamp="2018-11-13T15:38:54" hostname="MacMini-Tkachenko.local" time="4.429">
  <properties/>
  <testcase name="testCreationContact" classname="ru.stqa.ptf.addressbook.tests.CreationContactTest" time="4.429"/>
  <system-out><![CDATA[18:38:54.406 [Test worker] INFO  r.s.ptf.addressbook.tests.TestBase - Start test testCreationContact with parameteres []
]]></system-out>
  <system-err><![CDATA[]]></system-err>
</testsuite>
