<?xml version="1.0" encoding="UTF-8"?>
<testsuite name="ru.stqa.ptf.addressbook.tests.ContactDeletionTest" tests="1" skipped="0" failures="0" errors="0" timestamp="2018-11-13T15:39:03" hostname="MacMini-Tkachenko.local" time="1.524">
  <properties/>
  <testcase name="testContactDeletion" classname="ru.stqa.ptf.addressbook.tests.ContactDeletionTest" time="1.524"/>
  <system-out><![CDATA[18:39:03.891 [Test worker] INFO  r.s.ptf.addressbook.tests.TestBase - Start test testContactDeletion with parameteres []
]]></system-out>
  <system-err><![CDATA[]]></system-err>
</testsuite>
