<?xml version="1.0" encoding="UTF-8"?>
<testsuite name="ru.stqa.ptf.addressbook.tests.ModificationContactTest" tests="1" skipped="0" failures="0" errors="0" timestamp="2018-11-13T15:38:58" hostname="MacMini-Tkachenko.local" time="4.963">
  <properties/>
  <testcase name="testModificationContact" classname="ru.stqa.ptf.addressbook.tests.ModificationContactTest" time="4.963"/>
  <system-out><![CDATA[18:38:58.851 [Test worker] INFO  r.s.ptf.addressbook.tests.TestBase - Start test testModificationContact with parameteres []
]]></system-out>
  <system-err><![CDATA[]]></system-err>
</testsuite>
